mode: set
github.com/chewr/httprouter/path.go:21.33,23.13 1 1
github.com/chewr/httprouter/path.go:27.2,38.17 5 1
github.com/chewr/httprouter/path.go:44.2,50.12 2 1
github.com/chewr/httprouter/path.go:101.2,101.23 1 1
github.com/chewr/httprouter/path.go:106.2,106.16 1 1
github.com/chewr/httprouter/path.go:109.2,109.24 1 1
github.com/chewr/httprouter/path.go:23.13,25.3 1 1
github.com/chewr/httprouter/path.go:38.17,42.3 3 1
github.com/chewr/httprouter/path.go:50.12,51.10 1 1
github.com/chewr/httprouter/path.go:52.20,54.7 1 1
github.com/chewr/httprouter/path.go:56.32,58.7 2 1
github.com/chewr/httprouter/path.go:60.37,62.7 1 1
github.com/chewr/httprouter/path.go:64.68,68.13 2 1
github.com/chewr/httprouter/path.go:83.11,86.13 1 1
github.com/chewr/httprouter/path.go:92.4,92.29 1 1
github.com/chewr/httprouter/path.go:68.13,72.19 2 1
github.com/chewr/httprouter/path.go:72.19,73.31 1 1
github.com/chewr/httprouter/path.go:73.31,75.7 1 1
github.com/chewr/httprouter/path.go:76.6,77.33 1 1
github.com/chewr/httprouter/path.go:77.33,79.7 1 1
github.com/chewr/httprouter/path.go:86.13,89.5 2 1
github.com/chewr/httprouter/path.go:92.29,96.5 3 1
github.com/chewr/httprouter/path.go:101.23,104.3 2 1
github.com/chewr/httprouter/path.go:106.16,108.3 1 1
github.com/chewr/httprouter/path.go:113.51,114.17 1 1
github.com/chewr/httprouter/path.go:122.2,122.15 1 1
github.com/chewr/httprouter/path.go:114.17,115.16 1 1
github.com/chewr/httprouter/path.go:119.3,120.20 2 1
github.com/chewr/httprouter/path.go:115.16,117.4 1 1
github.com/chewr/httprouter/pretty_print.go:19.53,29.2 1 1
github.com/chewr/httprouter/pretty_print.go:31.34,42.27 6 1
github.com/chewr/httprouter/pretty_print.go:45.2,47.40 2 1
github.com/chewr/httprouter/pretty_print.go:42.27,44.3 1 1
github.com/chewr/httprouter/pretty_print.go:50.70,62.25 3 1
github.com/chewr/httprouter/pretty_print.go:69.2,69.21 1 1
github.com/chewr/httprouter/pretty_print.go:73.2,74.44 2 1
github.com/chewr/httprouter/pretty_print.go:78.2,78.35 1 1
github.com/chewr/httprouter/pretty_print.go:97.2,97.12 1 1
github.com/chewr/httprouter/pretty_print.go:62.25,64.3 1 1
github.com/chewr/httprouter/pretty_print.go:64.3,66.3 1 1
github.com/chewr/httprouter/pretty_print.go:69.21,71.3 1 1
github.com/chewr/httprouter/pretty_print.go:74.44,76.3 1 1
github.com/chewr/httprouter/pretty_print.go:78.35,82.33 4 1
github.com/chewr/httprouter/pretty_print.go:87.3,87.28 1 1
github.com/chewr/httprouter/pretty_print.go:95.3,95.30 1 1
github.com/chewr/httprouter/pretty_print.go:82.33,85.4 2 1
github.com/chewr/httprouter/pretty_print.go:87.28,88.14 1 1
github.com/chewr/httprouter/pretty_print.go:88.14,90.5 1 1
github.com/chewr/httprouter/pretty_print.go:90.5,92.5 1 1
github.com/chewr/httprouter/pretty_print.go:100.35,101.12 1 1
github.com/chewr/httprouter/pretty_print.go:102.14,103.18 1 1
github.com/chewr/httprouter/pretty_print.go:104.12,105.16 1 1
github.com/chewr/httprouter/pretty_print.go:106.13,107.17 1 1
github.com/chewr/httprouter/pretty_print.go:108.16,109.20 1 1
github.com/chewr/httprouter/pretty_print.go:110.10,111.19 1 0
github.com/chewr/httprouter/router.go:101.45,102.20 1 1
github.com/chewr/httprouter/router.go:107.2,107.11 1 1
github.com/chewr/httprouter/router.go:102.20,103.24 1 1
github.com/chewr/httprouter/router.go:103.24,105.4 1 1
github.com/chewr/httprouter/router.go:169.20,176.2 1 1
github.com/chewr/httprouter/router.go:179.50,181.2 1 1
github.com/chewr/httprouter/router.go:184.51,186.2 1 1
github.com/chewr/httprouter/router.go:189.54,191.2 1 1
github.com/chewr/httprouter/router.go:194.51,196.2 1 1
github.com/chewr/httprouter/router.go:199.50,201.2 1 1
github.com/chewr/httprouter/router.go:204.52,206.2 1 1
github.com/chewr/httprouter/router.go:209.53,211.2 1 1
github.com/chewr/httprouter/router.go:221.61,222.20 1 1
github.com/chewr/httprouter/router.go:226.2,226.20 1 1
github.com/chewr/httprouter/router.go:230.2,231.17 2 1
github.com/chewr/httprouter/router.go:236.2,236.29 1 1
github.com/chewr/httprouter/router.go:222.20,223.59 1 1
github.com/chewr/httprouter/router.go:226.20,228.3 1 1
github.com/chewr/httprouter/router.go:231.17,234.3 2 1
github.com/chewr/httprouter/router.go:241.69,243.60 1 1
github.com/chewr/httprouter/router.go:243.60,245.4 1 1
github.com/chewr/httprouter/router.go:251.77,253.2 1 1
github.com/chewr/httprouter/router.go:265.64,266.59 1 1
github.com/chewr/httprouter/router.go:270.2,272.72 2 1
github.com/chewr/httprouter/router.go:266.59,267.64 1 1
github.com/chewr/httprouter/router.go:272.72,275.3 2 1
github.com/chewr/httprouter/router.go:278.65,279.34 1 1
github.com/chewr/httprouter/router.go:279.34,281.3 1 1
github.com/chewr/httprouter/router.go:289.69,290.42 1 1
github.com/chewr/httprouter/router.go:293.2,293.24 1 1
github.com/chewr/httprouter/router.go:290.42,292.3 1 1
github.com/chewr/httprouter/router.go:296.65,297.17 1 1
github.com/chewr/httprouter/router.go:328.2,328.20 1 1
github.com/chewr/httprouter/router.go:331.2,331.8 1 1
github.com/chewr/httprouter/router.go:297.17,298.31 1 1
github.com/chewr/httprouter/router.go:298.31,299.27 1 1
github.com/chewr/httprouter/router.go:304.4,304.23 1 1
github.com/chewr/httprouter/router.go:299.27,300.13 1 1
github.com/chewr/httprouter/router.go:304.23,306.5 1 1
github.com/chewr/httprouter/router.go:306.5,308.5 1 1
github.com/chewr/httprouter/router.go:310.3,311.31 1 1
github.com/chewr/httprouter/router.go:311.31,313.50 1 1
github.com/chewr/httprouter/router.go:317.4,318.21 2 1
github.com/chewr/httprouter/router.go:313.50,314.13 1 1
github.com/chewr/httprouter/router.go:318.21,320.24 1 1
github.com/chewr/httprouter/router.go:320.24,322.6 1 1
github.com/chewr/httprouter/router.go:322.6,324.6 1 1
github.com/chewr/httprouter/router.go:328.20,330.3 1 1
github.com/chewr/httprouter/router.go:335.70,336.27 1 1
github.com/chewr/httprouter/router.go:340.2,342.46 2 1
github.com/chewr/httprouter/router.go:379.2,379.29 1 1
github.com/chewr/httprouter/router.go:406.2,406.23 1 1
github.com/chewr/httprouter/router.go:336.27,338.3 1 1
github.com/chewr/httprouter/router.go:342.46,343.60 1 1
github.com/chewr/httprouter/router.go:343.60,346.4 2 1
github.com/chewr/httprouter/router.go:346.4,346.52 1 1
github.com/chewr/httprouter/router.go:346.52,348.27 2 1
github.com/chewr/httprouter/router.go:354.4,354.38 1 1
github.com/chewr/httprouter/router.go:365.4,365.27 1 1
github.com/chewr/httprouter/router.go:348.27,352.5 1 1
github.com/chewr/httprouter/router.go:354.38,355.50 1 1
github.com/chewr/httprouter/router.go:360.5,361.11 2 1
github.com/chewr/httprouter/router.go:355.50,357.6 1 1
github.com/chewr/httprouter/router.go:357.6,359.6 1 1
github.com/chewr/httprouter/router.go:365.27,370.14 2 1
github.com/chewr/httprouter/router.go:370.14,374.6 3 1
github.com/chewr/httprouter/router.go:379.29,381.22 1 1
github.com/chewr/httprouter/router.go:381.22,382.60 1 1
github.com/chewr/httprouter/router.go:382.60,385.5 2 1
github.com/chewr/httprouter/router.go:387.3,389.31 1 1
github.com/chewr/httprouter/router.go:389.31,390.60 1 1
github.com/chewr/httprouter/router.go:390.60,392.34 2 1
github.com/chewr/httprouter/router.go:400.5,400.11 1 1
github.com/chewr/httprouter/router.go:392.34,394.6 1 1
github.com/chewr/httprouter/router.go:394.6,399.6 1 1
github.com/chewr/httprouter/router.go:406.23,408.3 1 1
github.com/chewr/httprouter/router.go:408.3,410.3 1 1
github.com/chewr/httprouter/tree.go:13.24,14.12 1 1
github.com/chewr/httprouter/tree.go:17.2,17.10 1 1
github.com/chewr/httprouter/tree.go:14.12,16.3 1 1
github.com/chewr/httprouter/tree.go:20.37,22.33 2 1
github.com/chewr/httprouter/tree.go:28.2,28.14 1 1
github.com/chewr/httprouter/tree.go:31.2,31.17 1 1
github.com/chewr/httprouter/tree.go:22.33,23.39 1 1
github.com/chewr/httprouter/tree.go:26.3,26.6 1 1
github.com/chewr/httprouter/tree.go:23.39,24.12 1 1
github.com/chewr/httprouter/tree.go:28.14,30.3 1 1
github.com/chewr/httprouter/tree.go:55.48,61.57 4 1
github.com/chewr/httprouter/tree.go:69.2,69.19 1 1
github.com/chewr/httprouter/tree.go:75.2,75.15 1 1
github.com/chewr/httprouter/tree.go:61.57,66.3 2 1
github.com/chewr/httprouter/tree.go:69.19,73.3 1 1
github.com/chewr/httprouter/tree.go:80.53,86.44 4 1
github.com/chewr/httprouter/tree.go:86.44,88.7 1 1
github.com/chewr/httprouter/tree.go:88.7,90.31 1 1
github.com/chewr/httprouter/tree.go:95.4,97.40 3 1
github.com/chewr/httprouter/tree.go:101.4,101.27 1 1
github.com/chewr/httprouter/tree.go:111.4,111.23 1 1
github.com/chewr/httprouter/tree.go:138.4,138.21 1 1
github.com/chewr/httprouter/tree.go:213.4,213.10 1 1
github.com/chewr/httprouter/tree.go:90.31,92.5 1 1
github.com/chewr/httprouter/tree.go:97.40,99.5 1 1
github.com/chewr/httprouter/tree.go:101.27,107.10 2 1
github.com/chewr/httprouter/tree.go:111.23,123.35 2 1
github.com/chewr/httprouter/tree.go:129.5,134.24 5 1
github.com/chewr/httprouter/tree.go:123.35,124.55 1 1
github.com/chewr/httprouter/tree.go:124.55,126.7 1 1
github.com/chewr/httprouter/tree.go:138.21,144.61 3 1
github.com/chewr/httprouter/tree.go:151.5,151.41 1 1
github.com/chewr/httprouter/tree.go:160.5,160.32 1 1
github.com/chewr/httprouter/tree.go:187.5,187.29 1 1
github.com/chewr/httprouter/tree.go:204.5,205.11 2 1
github.com/chewr/httprouter/tree.go:144.61,147.19 3 1
github.com/chewr/httprouter/tree.go:151.41,152.27 1 1
github.com/chewr/httprouter/tree.go:152.27,155.20 3 1
github.com/chewr/httprouter/tree.go:160.32,165.33 3 1
github.com/chewr/httprouter/tree.go:168.6,172.62 2 1
github.com/chewr/httprouter/tree.go:177.6,183.11 3 1
github.com/chewr/httprouter/tree.go:165.33,167.7 1 1
github.com/chewr/httprouter/tree.go:172.62,173.20 1 1
github.com/chewr/httprouter/tree.go:187.29,196.21 4 1
github.com/chewr/httprouter/tree.go:201.6,202.15 2 1
github.com/chewr/httprouter/tree.go:196.21,199.7 2 1
github.com/chewr/httprouter/tree.go:207.5,207.29 1 1
github.com/chewr/httprouter/tree.go:207.29,208.24 1 1
github.com/chewr/httprouter/tree.go:211.5,211.22 1 1
github.com/chewr/httprouter/tree.go:208.24,209.73 1 1
github.com/chewr/httprouter/tree.go:215.3,218.3 2 1
github.com/chewr/httprouter/tree.go:221.83,225.49 2 1
github.com/chewr/httprouter/tree.go:321.2,322.19 2 1
github.com/chewr/httprouter/tree.go:225.49,227.27 2 1
github.com/chewr/httprouter/tree.go:232.3,233.37 2 1
github.com/chewr/httprouter/tree.go:245.3,245.16 1 1
github.com/chewr/httprouter/tree.go:249.3,249.15 1 1
github.com/chewr/httprouter/tree.go:227.27,228.12 1 1
github.com/chewr/httprouter/tree.go:233.37,234.21 1 1
github.com/chewr/httprouter/tree.go:236.18,238.48 1 1
github.com/chewr/httprouter/tree.go:239.12,240.10 1 1
github.com/chewr/httprouter/tree.go:245.16,246.85 1 1
github.com/chewr/httprouter/tree.go:249.15,251.13 1 1
github.com/chewr/httprouter/tree.go:256.4,268.17 7 1
github.com/chewr/httprouter/tree.go:251.13,254.5 2 1
github.com/chewr/httprouter/tree.go:268.17,278.5 5 1
github.com/chewr/httprouter/tree.go:280.4,283.27 1 1
github.com/chewr/httprouter/tree.go:288.4,288.35 1 1
github.com/chewr/httprouter/tree.go:292.4,292.55 1 1
github.com/chewr/httprouter/tree.go:297.4,298.22 2 1
github.com/chewr/httprouter/tree.go:302.4,316.10 6 1
github.com/chewr/httprouter/tree.go:283.27,285.70 1 1
github.com/chewr/httprouter/tree.go:288.35,289.97 1 1
github.com/chewr/httprouter/tree.go:292.55,293.107 1 1
github.com/chewr/httprouter/tree.go:298.22,299.62 1 1
github.com/chewr/httprouter/tree.go:330.74,332.6 1 1
github.com/chewr/httprouter/tree.go:332.6,333.30 1 1
github.com/chewr/httprouter/tree.go:521.3,524.9 2 1
github.com/chewr/httprouter/tree.go:333.30,334.36 1 1
github.com/chewr/httprouter/tree.go:334.36,337.41 3 1
github.com/chewr/httprouter/tree.go:422.5,422.21 1 1
github.com/chewr/httprouter/tree.go:432.5,433.20 2 1
github.com/chewr/httprouter/tree.go:337.41,338.27 1 1
github.com/chewr/httprouter/tree.go:338.27,343.22 1 1
github.com/chewr/httprouter/tree.go:343.22,347.12 3 1
github.com/chewr/httprouter/tree.go:347.12,348.33 1 1
github.com/chewr/httprouter/tree.go:351.9,351.43 1 1
github.com/chewr/httprouter/tree.go:406.9,408.70 1 1
github.com/chewr/httprouter/tree.go:412.9,412.20 1 1
github.com/chewr/httprouter/tree.go:348.33,349.21 1 1
github.com/chewr/httprouter/tree.go:351.43,355.31 3 1
github.com/chewr/httprouter/tree.go:363.10,363.26 1 1
github.com/chewr/httprouter/tree.go:369.10,369.31 1 1
github.com/chewr/httprouter/tree.go:389.10,391.47 3 1
github.com/chewr/httprouter/tree.go:355.31,356.39 1 1
github.com/chewr/httprouter/tree.go:359.11,360.14 2 1
github.com/chewr/httprouter/tree.go:356.39,357.23 1 1
github.com/chewr/httprouter/tree.go:363.26,366.24 3 1
github.com/chewr/httprouter/tree.go:369.31,372.48 1 1
github.com/chewr/httprouter/tree.go:378.11,378.51 1 1
github.com/chewr/httprouter/tree.go:386.11,386.22 1 1
github.com/chewr/httprouter/tree.go:372.48,374.12 1 1
github.com/chewr/httprouter/tree.go:378.51,379.37 1 1
github.com/chewr/httprouter/tree.go:379.37,384.13 3 1
github.com/chewr/httprouter/tree.go:391.47,392.33 1 1
github.com/chewr/httprouter/tree.go:392.33,393.27 1 1
github.com/chewr/httprouter/tree.go:398.12,399.26 2 1
github.com/chewr/httprouter/tree.go:393.27,396.26 3 1
github.com/chewr/httprouter/tree.go:408.70,411.10 2 1
github.com/chewr/httprouter/tree.go:414.8,417.21 2 1
github.com/chewr/httprouter/tree.go:422.21,429.6 2 1
github.com/chewr/httprouter/tree.go:434.16,437.46 2 1
github.com/chewr/httprouter/tree.go:442.6,442.18 1 1
github.com/chewr/httprouter/tree.go:446.6,452.25 5 1
github.com/chewr/httprouter/tree.go:464.6,464.42 1 1
github.com/chewr/httprouter/tree.go:473.6,473.12 1 1
github.com/chewr/httprouter/tree.go:475.19,477.18 1 1
github.com/chewr/httprouter/tree.go:481.6,487.12 6 1
github.com/chewr/httprouter/tree.go:489.13,490.32 1 1
github.com/chewr/httprouter/tree.go:437.46,439.7 1 1
github.com/chewr/httprouter/tree.go:442.18,445.7 1 1
github.com/chewr/httprouter/tree.go:452.25,453.30 1 1
github.com/chewr/httprouter/tree.go:460.7,461.13 2 1
github.com/chewr/httprouter/tree.go:453.30,456.21 3 1
github.com/chewr/httprouter/tree.go:464.42,466.7 1 1
github.com/chewr/httprouter/tree.go:466.7,466.37 1 1
github.com/chewr/httprouter/tree.go:466.37,471.7 2 1
github.com/chewr/httprouter/tree.go:477.18,480.7 1 1
github.com/chewr/httprouter/tree.go:493.4,493.28 1 1
github.com/chewr/httprouter/tree.go:493.28,496.40 1 1
github.com/chewr/httprouter/tree.go:500.4,500.53 1 1
github.com/chewr/httprouter/tree.go:507.4,507.40 1 1
github.com/chewr/httprouter/tree.go:516.4,516.10 1 1
github.com/chewr/httprouter/tree.go:496.40,498.5 1 1
github.com/chewr/httprouter/tree.go:500.53,503.5 2 1
github.com/chewr/httprouter/tree.go:507.40,508.28 1 1
github.com/chewr/httprouter/tree.go:508.28,513.6 3 1
github.com/chewr/httprouter/tree.go:532.104,540.2 1 1
github.com/chewr/httprouter/tree.go:543.49,544.11 1 1
github.com/chewr/httprouter/tree.go:545.9,546.12 1 1
github.com/chewr/httprouter/tree.go:547.9,548.41 1 1
github.com/chewr/httprouter/tree.go:549.9,550.31 1 1
github.com/chewr/httprouter/tree.go:551.9,552.24 1 1
github.com/chewr/httprouter/tree.go:553.10,554.19 1 1
github.com/chewr/httprouter/tree.go:559.129,563.98 2 1
github.com/chewr/httprouter/tree.go:721.2,721.22 1 1
github.com/chewr/httprouter/tree.go:730.2,730.22 1 1
github.com/chewr/httprouter/tree.go:563.98,567.47 2 1
github.com/chewr/httprouter/tree.go:567.47,574.20 3 1
github.com/chewr/httprouter/tree.go:646.4,647.19 2 1
github.com/chewr/httprouter/tree.go:574.20,578.19 2 1
github.com/chewr/httprouter/tree.go:643.5,643.72 1 1
github.com/chewr/httprouter/tree.go:578.19,580.42 1 1
github.com/chewr/httprouter/tree.go:580.42,581.32 1 1
github.com/chewr/httprouter/tree.go:581.32,585.21 3 1
github.com/chewr/httprouter/tree.go:588.6,596.56 3 1
github.com/chewr/httprouter/tree.go:605.6,609.42 3 1
github.com/chewr/httprouter/tree.go:625.6,625.45 1 1
github.com/chewr/httprouter/tree.go:596.56,597.60 1 1
github.com/chewr/httprouter/tree.go:597.60,600.13 2 1
github.com/chewr/httprouter/tree.go:609.42,611.32 1 1
github.com/chewr/httprouter/tree.go:611.32,617.17 1 1
github.com/chewr/httprouter/tree.go:620.8,620.13 1 1
github.com/chewr/httprouter/tree.go:617.17,619.9 1 1
github.com/chewr/httprouter/tree.go:625.45,629.43 3 1
github.com/chewr/httprouter/tree.go:629.43,631.33 1 1
github.com/chewr/httprouter/tree.go:631.33,635.22 3 1
github.com/chewr/httprouter/tree.go:648.15,651.41 2 1
github.com/chewr/httprouter/tree.go:656.5,659.22 2 1
github.com/chewr/httprouter/tree.go:676.5,676.24 1 1
github.com/chewr/httprouter/tree.go:686.5,686.25 1 1
github.com/chewr/httprouter/tree.go:688.18,689.41 1 1
github.com/chewr/httprouter/tree.go:691.12,692.31 1 1
github.com/chewr/httprouter/tree.go:651.41,653.6 1 1
github.com/chewr/httprouter/tree.go:659.22,660.29 1 1
github.com/chewr/httprouter/tree.go:670.6,670.46 1 1
github.com/chewr/httprouter/tree.go:673.6,673.26 1 1
github.com/chewr/httprouter/tree.go:660.29,666.15 5 1
github.com/chewr/httprouter/tree.go:670.46,672.7 1 1
github.com/chewr/httprouter/tree.go:676.24,678.6 1 1
github.com/chewr/httprouter/tree.go:678.6,678.56 1 1
github.com/chewr/httprouter/tree.go:678.56,682.42 2 1
github.com/chewr/httprouter/tree.go:682.42,684.7 1 1
github.com/chewr/httprouter/tree.go:694.4,697.23 1 1
github.com/chewr/httprouter/tree.go:703.4,703.24 1 1
github.com/chewr/httprouter/tree.go:715.4,715.24 1 1
github.com/chewr/httprouter/tree.go:697.23,699.5 1 1
github.com/chewr/httprouter/tree.go:703.24,704.41 1 1
github.com/chewr/httprouter/tree.go:704.41,705.29 1 1
github.com/chewr/httprouter/tree.go:705.29,708.49 2 1
github.com/chewr/httprouter/tree.go:711.7,711.27 1 1
github.com/chewr/httprouter/tree.go:708.49,710.8 1 1
github.com/chewr/httprouter/tree.go:721.22,722.18 1 1
github.com/chewr/httprouter/tree.go:725.3,726.60 1 1
github.com/chewr/httprouter/tree.go:722.18,724.4 1 1
github.com/chewr/httprouter/tree.go:726.60,728.4 1 1
